This is pdfTeX, Version 3.1415926-2.5-1.40.14 (TeX Live 2013/Debian) (format=pdflatex 2015.5.19)  14 JUN 2015 20:20
entering extended mode
 restricted \write18 enabled.
 Source specials enabled.
 %&-line parsing enabled.
**exam-shayganfar-3.tex
(./exam-shayganfar-3.tex
LaTeX2e <2011/06/27>
Babel <3.9h> and hyphenation patterns for 2 languages loaded.
(/usr/share/texlive/texmf-dist/tex/latex/base/article.cls
Document Class: article 2007/10/19 v1.4h Standard LaTeX document class
(/usr/share/texlive/texmf-dist/tex/latex/base/size11.clo
File: size11.clo 2007/10/19 v1.4h Standard LaTeX file (size option)
)
\c@part=\count79
\c@section=\count80
\c@subsection=\count81
\c@subsubsection=\count82
\c@paragraph=\count83
\c@subparagraph=\count84
\c@figure=\count85
\c@table=\count86
\abovecaptionskip=\skip41
\belowcaptionskip=\skip42
\bibindent=\dimen102
)
(/usr/share/texlive/texmf-dist/tex/latex/graphics/graphicx.sty
Package: graphicx 1999/02/16 v1.0f Enhanced LaTeX Graphics (DPC,SPQR)

(/usr/share/texlive/texmf-dist/tex/latex/graphics/keyval.sty
Package: keyval 1999/03/16 v1.13 key=value parser (DPC)
\KV@toks@=\toks14
)
(/usr/share/texlive/texmf-dist/tex/latex/graphics/graphics.sty
Package: graphics 2009/02/05 v1.0o Standard LaTeX Graphics (DPC,SPQR)

(/usr/share/texlive/texmf-dist/tex/latex/graphics/trig.sty
Package: trig 1999/03/16 v1.09 sin cos tan (DPC)
)
(/usr/share/texlive/texmf-dist/tex/latex/latexconfig/graphics.cfg
File: graphics.cfg 2010/04/23 v1.9 graphics configuration of TeX Live
)
Package graphics Info: Driver file: pdftex.def on input line 91.

(/usr/share/texlive/texmf-dist/tex/latex/pdftex-def/pdftex.def
File: pdftex.def 2011/05/27 v0.06d Graphics/color for pdfTeX

(/usr/share/texlive/texmf-dist/tex/generic/oberdiek/infwarerr.sty
Package: infwarerr 2010/04/08 v1.3 Providing info/warning/error messages (HO)
)
(/usr/share/texlive/texmf-dist/tex/generic/oberdiek/ltxcmds.sty
Package: ltxcmds 2011/11/09 v1.22 LaTeX kernel commands for general use (HO)
)
\Gread@gobject=\count87
))
\Gin@req@height=\dimen103
\Gin@req@width=\dimen104
)
(/usr/share/texlive/texmf-dist/tex/latex/amsfonts/amssymb.sty
Package: amssymb 2013/01/14 v3.01 AMS font symbols

(/usr/share/texlive/texmf-dist/tex/latex/amsfonts/amsfonts.sty
Package: amsfonts 2013/01/14 v3.01 Basic AMSFonts support
\@emptytoks=\toks15
\symAMSa=\mathgroup4
\symAMSb=\mathgroup5
LaTeX Font Info:    Overwriting math alphabet `\mathfrak' in version `bold'
(Font)                  U/euf/m/n --> U/euf/b/n on input line 106.
))
(/usr/share/texlive/texmf-dist/tex/latex/amsmath/amsmath.sty
Package: amsmath 2013/01/14 v2.14 AMS math features
\@mathmargin=\skip43

For additional information on amsmath, use the `?' option.
(/usr/share/texlive/texmf-dist/tex/latex/amsmath/amstext.sty
Package: amstext 2000/06/29 v2.01

(/usr/share/texlive/texmf-dist/tex/latex/amsmath/amsgen.sty
File: amsgen.sty 1999/11/30 v2.0
\@emptytoks=\toks16
\ex@=\dimen105
))
(/usr/share/texlive/texmf-dist/tex/latex/amsmath/amsbsy.sty
Package: amsbsy 1999/11/29 v1.2d
\pmbraise@=\dimen106
)
(/usr/share/texlive/texmf-dist/tex/latex/amsmath/amsopn.sty
Package: amsopn 1999/12/14 v2.01 operator names
)
\inf@bad=\count88
LaTeX Info: Redefining \frac on input line 210.
\uproot@=\count89
\leftroot@=\count90
LaTeX Info: Redefining \overline on input line 306.
\classnum@=\count91
\DOTSCASE@=\count92
LaTeX Info: Redefining \ldots on input line 378.
LaTeX Info: Redefining \dots on input line 381.
LaTeX Info: Redefining \cdots on input line 466.
\Mathstrutbox@=\box26
\strutbox@=\box27
\big@size=\dimen107
LaTeX Font Info:    Redeclaring font encoding OML on input line 566.
LaTeX Font Info:    Redeclaring font encoding OMS on input line 567.
\macc@depth=\count93
\c@MaxMatrixCols=\count94
\dotsspace@=\muskip10
\c@parentequation=\count95
\dspbrk@lvl=\count96
\tag@help=\toks17
\row@=\count97
\column@=\count98
\maxfields@=\count99
\andhelp@=\toks18
\eqnshift@=\dimen108
\alignsep@=\dimen109
\tagshift@=\dimen110
\tagwidth@=\dimen111
\totwidth@=\dimen112
\lineht@=\dimen113
\@envbody=\toks19
\multlinegap=\skip44
\multlinetaggap=\skip45
\mathdisplay@stack=\toks20
LaTeX Info: Redefining \[ on input line 2665.
LaTeX Info: Redefining \] on input line 2666.
)
(/usr/share/texlive/texmf-dist/tex/latex/amsfonts/euscript.sty
Package: euscript 2009/06/22 v3.00 Euler Script fonts
LaTeX Font Info:    Overwriting math alphabet `\EuScript' in version `bold'
(Font)                  U/eus/m/n --> U/eus/b/n on input line 33.
)
(/usr/share/texlive/texmf-dist/tex/latex/mh/mathtools.sty
Package: mathtools 2013/02/12 v1.13 mathematical typesetting tools

(/usr/share/texlive/texmf-dist/tex/latex/tools/calc.sty
Package: calc 2007/08/22 v4.3 Infix arithmetic (KKT,FJ)
\calc@Acount=\count100
\calc@Bcount=\count101
\calc@Adimen=\dimen114
\calc@Bdimen=\dimen115
\calc@Askip=\skip46
\calc@Bskip=\skip47
LaTeX Info: Redefining \setlength on input line 76.
LaTeX Info: Redefining \addtolength on input line 77.
\calc@Ccount=\count102
\calc@Cskip=\skip48
)
(/usr/share/texlive/texmf-dist/tex/latex/mh/mhsetup.sty
Package: mhsetup 2010/01/21 v1.2a programming setup (MH)
)
LaTeX Info: Thecontrolsequence`\['isalreadyrobust on input line 129.
LaTeX Info: Thecontrolsequence`\]'isalreadyrobust on input line 129.
\g_MT_multlinerow_int=\count103
\l_MT_multwidth_dim=\dimen116
\origjot=\skip49
\l_MT_shortvdotswithinadjustabove_dim=\dimen117
\l_MT_shortvdotswithinadjustbelow_dim=\dimen118
\l_MT_above_intertext_sep=\dimen119
\l_MT_below_intertext_sep=\dimen120
\l_MT_above_shortintertext_sep=\dimen121
\l_MT_below_shortintertext_sep=\dimen122
)
(./exam-shayganfar-3.aux)
\openout1 = `exam-shayganfar-3.aux'.

LaTeX Font Info:    Checking defaults for OML/cmm/m/it on input line 12.
LaTeX Font Info:    ... okay on input line 12.
LaTeX Font Info:    Checking defaults for T1/cmr/m/n on input line 12.
LaTeX Font Info:    ... okay on input line 12.
LaTeX Font Info:    Checking defaults for OT1/cmr/m/n on input line 12.
LaTeX Font Info:    ... okay on input line 12.
LaTeX Font Info:    Checking defaults for OMS/cmsy/m/n on input line 12.
LaTeX Font Info:    ... okay on input line 12.
LaTeX Font Info:    Checking defaults for OMX/cmex/m/n on input line 12.
LaTeX Font Info:    ... okay on input line 12.
LaTeX Font Info:    Checking defaults for U/cmr/m/n on input line 12.
LaTeX Font Info:    ... okay on input line 12.

(/usr/share/texlive/texmf-dist/tex/context/base/supp-pdf.mkii
[Loading MPS to PDF converter (version 2006.09.02).]
\scratchcounter=\count104
\scratchdimen=\dimen123
\scratchbox=\box28
\nofMPsegments=\count105
\nofMParguments=\count106
\everyMPshowfont=\toks21
\MPscratchCnt=\count107
\MPscratchDim=\dimen124
\MPnumerator=\count108
\makeMPintoPDFobject=\count109
\everyMPtoPDFconversion=\toks22
) (/usr/share/texlive/texmf-dist/tex/generic/oberdiek/pdftexcmds.sty
Package: pdftexcmds 2011/11/29 v0.20 Utility functions of pdfTeX for LuaTeX (HO
)

(/usr/share/texlive/texmf-dist/tex/generic/oberdiek/ifluatex.sty
Package: ifluatex 2010/03/01 v1.3 Provides the ifluatex switch (HO)
Package ifluatex Info: LuaTeX not detected.
)
(/usr/share/texlive/texmf-dist/tex/generic/oberdiek/ifpdf.sty
Package: ifpdf 2011/01/30 v2.3 Provides the ifpdf switch (HO)
Package ifpdf Info: pdfTeX in PDF mode is detected.
)
Package pdftexcmds Info: LuaTeX not detected.
Package pdftexcmds Info: \pdf@primitive is available.
Package pdftexcmds Info: \pdf@ifprimitive is available.
Package pdftexcmds Info: \pdfdraftmode found.
)
(/usr/share/texlive/texmf-dist/tex/latex/oberdiek/epstopdf-base.sty
Package: epstopdf-base 2010/02/09 v2.5 Base part for package epstopdf

(/usr/share/texlive/texmf-dist/tex/latex/oberdiek/grfext.sty
Package: grfext 2010/08/19 v1.1 Manage graphics extensions (HO)

(/usr/share/texlive/texmf-dist/tex/generic/oberdiek/kvdefinekeys.sty
Package: kvdefinekeys 2011/04/07 v1.3 Define keys (HO)
))
(/usr/share/texlive/texmf-dist/tex/latex/oberdiek/kvoptions.sty
Package: kvoptions 2011/06/30 v3.11 Key value format for package options (HO)

(/usr/share/texlive/texmf-dist/tex/generic/oberdiek/kvsetkeys.sty
Package: kvsetkeys 2012/04/25 v1.16 Key value parser (HO)

(/usr/share/texlive/texmf-dist/tex/generic/oberdiek/etexcmds.sty
Package: etexcmds 2011/02/16 v1.5 Avoid name clashes with e-TeX commands (HO)
Package etexcmds Info: Could not find \expanded.
(etexcmds)             That can mean that you are not using pdfTeX 1.50 or
(etexcmds)             that some package has redefined \expanded.
(etexcmds)             In the latter case, load this package earlier.
)))
Package grfext Info: Graphics extension search list:
(grfext)             [.png,.pdf,.jpg,.mps,.jpeg,.jbig2,.jb2,.PNG,.PDF,.JPG,.JPE
G,.JBIG2,.JB2,.eps]
(grfext)             \AppendGraphicsExtensions on input line 452.

(/usr/share/texlive/texmf-dist/tex/latex/latexconfig/epstopdf-sys.cfg
File: epstopdf-sys.cfg 2010/07/13 v1.3 Configuration of (r)epstopdf for TeX Liv
e
))
[1

{/var/lib/texmf/fonts/map/pdftex/updmap/pdftex.map}]
<figure/bbn.png, id=12, 1069.9975pt x 782.925pt>
File: figure/bbn.png Graphic file (type png)
 <use figure/bbn.png>
Package pdftex.def Info: figure/bbn.png used on input line 67.
(pdftex.def)             Requested size: 216.0022pt x 158.05164pt.
LaTeX Font Info:    Try loading font information for U+msa on input line 87.

(/usr/share/texlive/texmf-dist/tex/latex/amsfonts/umsa.fd
File: umsa.fd 2013/01/14 v3.01 AMS symbols A
)
LaTeX Font Info:    Try loading font information for U+msb on input line 87.

(/usr/share/texlive/texmf-dist/tex/latex/amsfonts/umsb.fd
File: umsb.fd 2013/01/14 v3.01 AMS symbols B
) [2 <./figure/bbn.png (PNG copy)>]
Underfull \hbox (badness 10000) in paragraph at lines 126--132

 []


Underfull \hbox (badness 10000) in paragraph at lines 134--136

 []

[3]
Underfull \hbox (badness 10000) in paragraph at lines 141--143

 []


Underfull \hbox (badness 10000) in paragraph at lines 150--158

 []

<figure/reasoning-types.png, id=25, 1146.2825pt x 913.4125pt>
File: figure/reasoning-types.png Graphic file (type png)

<use figure/reasoning-types.png>
Package pdftex.def Info: figure/reasoning-types.png used on input line 188.
(pdftex.def)             Requested size: 233.9978pt x 186.45633pt.
 [4]
Missing character: There is no â in font cmr10!
Missing character: There is no € in font cmr10!
Missing character: There is no ™ in font cmr10!
 [5 <./figure/reasoning-types.png (PNG copy)>] <figure/conditional-independence
.png, id=36, 1172.38pt x 279.0425pt>
File: figure/conditional-independence.png Graphic file (type png)

<use figure/conditional-independence.png>
Package pdftex.def Info: figure/conditional-independence.png used on input line
 237.
(pdftex.def)             Requested size: 288.0011pt x 68.54697pt.

<figure/d-separation.png, id=37, 880.28876pt x 779.91376pt>
File: figure/d-separation.png Graphic file (type png)

<use figure/d-separation.png>
Package pdftex.def Info: figure/d-separation.png used on input line 263.
(pdftex.def)             Requested size: 198.0011pt x 175.41351pt.
 [6 <./figure/conditional-independence.png (PNG copy)>] [7 <./figure/d-separati
on.png (PNG copy)>]
Underfull \hbox (badness 10000) in paragraph at lines 316--318

 []


Underfull \hbox (badness 10000) in paragraph at lines 319--320

 []

[8]

LaTeX Warning: Command \textless invalid in math mode on input line 352.

LaTeX Font Info:    Try loading font information for OML+cmr on input line 352.

(/usr/share/texlive/texmf-dist/tex/latex/base/omlcmr.fd
File: omlcmr.fd 1999/05/25 v2.5h Standard LaTeX font definitions
)
LaTeX Font Info:    Font shape `OML/cmr/m/n' in size <10> not available
(Font)              Font shape `OML/cmm/m/it' tried instead on input line 352.


LaTeX Warning: Command \textless invalid in math mode on input line 352.


Underfull \hbox (badness 10000) in paragraph at lines 357--359

 []


Underfull \hbox (badness 10000) in paragraph at lines 360--362

 []


LaTeX Warning: Command \textless invalid in math mode on input line 375.


LaTeX Warning: Command \textless invalid in math mode on input line 375.


Underfull \hbox (badness 10000) in paragraph at lines 380--382

 []


Underfull \hbox (badness 10000) in paragraph at lines 383--385

 []


Underfull \hbox (badness 10000) in paragraph at lines 386--392

 []


Underfull \hbox (badness 10000) in paragraph at lines 393--396

 []

[9]

LaTeX Warning: Command \textgreater invalid in math mode on input line 401.

LaTeX Font Info:    Font shape `OML/cmr/m/n' in size <10.95> not available
(Font)              Font shape `OML/cmm/m/it' tried instead on input line 401.

LaTeX Warning: Command \textgreater invalid in math mode on input line 401.


Underfull \hbox (badness 10000) in paragraph at lines 397--404

 []


Underfull \hbox (badness 10000) in paragraph at lines 405--407

 []


Underfull \hbox (badness 10000) in paragraph at lines 408--410

 []

<figure/uncertainty.png, id=54, 1157.32375pt x 493.845pt>
File: figure/uncertainty.png Graphic file (type png)

<use figure/uncertainty.png>
Package pdftex.def Info: figure/uncertainty.png used on input line 418.
(pdftex.def)             Requested size: 233.9978pt x 99.84482pt.
 [10 <./figure/uncertainty.png (PNG copy)>]
Underfull \hbox (badness 10000) in paragraph at lines 444--451

 []


Underfull \hbox (badness 10000) in paragraph at lines 461--462

 []


Overfull \hbox (16.45282pt too wide) in paragraph at lines 463--470
\OT1/cmr/m/n/10.95 nom-i-na-tor in the Demp-ster's rule of com-bi-na-tion, i.e.
, $1 \OMS/cmsy/m/n/10.95 ^^@ [] []\OML/cmm/m/it/10.95 m[]\OT1/cmr/m/n/10.95 (\O
ML/cmm/m/it/10.95 A\OT1/cmr/m/n/10.95 )\OML/cmm/m/it/10.95 m[]\OT1/cmr/m/n/10.9
5 (\OML/cmm/m/it/10.95 B\OT1/cmr/m/n/10.95 )$,
 []

[11] <figure/fuzzy-algorithm.png, id=62, 1027.84pt x 309.155pt>
File: figure/fuzzy-algorithm.png Graphic file (type png)

<use figure/fuzzy-algorithm.png>
Package pdftex.def Info: figure/fuzzy-algorithm.png used on input line 498.
(pdftex.def)             Requested size: 341.9989pt x 102.86586pt.

<figure/prob-poss-01.png, id=63, 940.51375pt x 137.51375pt>
File: figure/prob-poss-01.png Graphic file (type png)

<use figure/prob-poss-01.png>
Package pdftex.def Info: figure/prob-poss-01.png used on input line 527.
(pdftex.def)             Requested size: 233.9978pt x 34.21259pt.

<figure/prob-poss-02.png, id=64, 949.5475pt x 146.5475pt>
File: figure/prob-poss-02.png Graphic file (type png)

<use figure/prob-poss-02.png>
Package pdftex.def Info: figure/prob-poss-02.png used on input line 536.
(pdftex.def)             Requested size: 233.9978pt x 36.11351pt.
 [12 <./figure/fuzzy-algorithm.png (PNG copy)>]
[13 <./figure/prob-poss-01.png (PNG copy)> <./figure/prob-poss-02.png (PNG copy
)>] <figure/membership-function.png, id=72, 1212.53pt x 868.24374pt>
File: figure/membership-function.png Graphic file (type png)

<use figure/membership-function.png>
Package pdftex.def Info: figure/membership-function.png used on input line 580.

(pdftex.def)             Requested size: 233.9978pt x 167.55144pt.

Underfull \hbox (badness 10000) in paragraph at lines 605--610

 []

[14 <./figure/membership-function.png (PNG copy)>]
Underfull \hbox (badness 10000) in paragraph at lines 611--615

 []


Underfull \hbox (badness 10000) in paragraph at lines 616--618

 []


LaTeX Warning: Command \textgreater invalid in math mode on input line 621.


LaTeX Warning: Command \textgreater invalid in math mode on input line 621.


Underfull \hbox (badness 10000) in paragraph at lines 619--624

 []


Underfull \hbox (badness 10000) in paragraph at lines 625--629

 []


Underfull \hbox (badness 10000) in paragraph at lines 625--629

 []

LaTeX Font Info:    Try loading font information for OMS+cmr on input line 647.

(/usr/share/texlive/texmf-dist/tex/latex/base/omscmr.fd
File: omscmr.fd 1999/05/25 v2.5h Standard LaTeX font definitions
)
LaTeX Font Info:    Font shape `OMS/cmr/m/n' in size <10.95> not available
(Font)              Font shape `OMS/cmsy/m/n' tried instead on input line 647.

Underfull \hbox (badness 10000) in paragraph at lines 654--664

 []

[15]
Underfull \hbox (badness 10000) in paragraph at lines 665--667

 []


Underfull \hbox (badness 10000) in paragraph at lines 668--669

 []


Underfull \hbox (badness 10000) in paragraph at lines 670--672

 []


Underfull \hbox (badness 10000) in paragraph at lines 673--674

 []


Underfull \hbox (badness 10000) in paragraph at lines 675--677

 []


Underfull \hbox (badness 10000) in paragraph at lines 678--679

 []


Underfull \hbox (badness 10000) in paragraph at lines 686--690

 []


Underfull \hbox (badness 10000) in paragraph at lines 693--695

 []


Underfull \hbox (badness 10000) in paragraph at lines 696--699

 []


Underfull \hbox (badness 10000) in paragraph at lines 703--705

 []

[16] <figure/cog.png, id=82, 388.45125pt x 227.85126pt>
File: figure/cog.png Graphic file (type png)
 <use figure/cog.png>
Package pdftex.def Info: figure/cog.png used on input line 749.
(pdftex.def)             Requested size: 198.0011pt x 116.1435pt.
Missing character: There is no Ã in font cmr10!
Missing character: There is no ž in font cmr10!

Underfull \hbox (badness 10000) in paragraph at lines 755--763

 []

[17] <figure/fuzzy-system.png, id=88, 1227.58624pt x 459.7175pt>
File: figure/fuzzy-system.png Graphic file (type png)

<use figure/fuzzy-system.png>
Package pdftex.def Info: figure/fuzzy-system.png used on input line 782.
(pdftex.def)             Requested size: 237.60132pt x 88.97464pt.
 [18 <./figure/cog.png> <./figure/fuzzy-system.png (PNG copy)>] [19] [20] (./ex
am-shayganfar-3.bbl
Missing character: There is no â in font cmr10!
Missing character: There is no € in font cmr10!
Missing character: There is no “ in font cmr10!
 [21]
! Misplaced alignment tab character &.
l.53 \newblock Jones &
                       Bartlett Learning, 2011.
I can't figure out why you would want to use a tab mark
here. If you just want an ampersand, the remedy is
simple: Just type `I\&' now. But if some right brace
up above has ended a previous alignment prematurely,
you're probably due for more error messages, and you
might try typing `S' now just to see what is salvageable.

Missing character: There is no â in font cmr10!
Missing character: There is no € in font cmr10!
Missing character: There is no “ in font cmr10!
Missing character: There is no â in font cmti10!
Missing character: There is no € in font cmti10!
Missing character: There is no ” in font cmti10!
! Misplaced alignment tab character &.
l.92 \newblock Springer Science &
                                  Business Media, 2001.
I can't figure out why you would want to use a tab mark
here. If you just want an ampersand, the remedy is
simple: Just type `I\&' now. But if some right brace
up above has ended a previous alignment prematurely,
you're probably due for more error messages, and you
might try typing `S' now just to see what is salvageable.

) [22] (./exam-shayganfar-3.aux) ) 
Here is how much of TeX's memory you used:
 3091 strings out of 495028
 43991 string characters out of 6181497
 99676 words of memory out of 5000000
 6231 multiletter control sequences out of 15000+600000
 16407 words of font info for 61 fonts, out of 8000000 for 9000
 14 hyphenation exceptions out of 8191
 38i,9n,26p,347b,250s stack positions out of 5000i,500n,10000p,200000b,80000s
</usr/share/texlive/texmf-dist/fonts/type1/pu
blic/amsfonts/cm/cmbx10.pfb></usr/share/texlive/texmf-dist/fonts/type1/public/a
msfonts/cm/cmbx12.pfb></usr/share/texlive/texmf-dist/fonts/type1/public/amsfont
s/cm/cmbxti10.pfb></usr/share/texlive/texmf-dist/fonts/type1/public/amsfonts/cm
/cmcsc10.pfb></usr/share/texlive/texmf-dist/fonts/type1/public/amsfonts/cm/cmex
10.pfb></usr/share/texlive/texmf-dist/fonts/type1/public/amsfonts/cmextra/cmex8
.pfb></usr/share/texlive/texmf-dist/fonts/type1/public/amsfonts/cm/cmmi10.pfb><
/usr/share/texlive/texmf-dist/fonts/type1/public/amsfonts/cm/cmmi6.pfb></usr/sh
are/texlive/texmf-dist/fonts/type1/public/amsfonts/cm/cmmi7.pfb></usr/share/tex
live/texmf-dist/fonts/type1/public/amsfonts/cm/cmmi8.pfb></usr/share/texlive/te
xmf-dist/fonts/type1/public/amsfonts/cm/cmmi9.pfb></usr/share/texlive/texmf-dis
t/fonts/type1/public/amsfonts/cm/cmr10.pfb></usr/share/texlive/texmf-dist/fonts
/type1/public/amsfonts/cm/cmr12.pfb></usr/share/texlive/texmf-dist/fonts/type1/
public/amsfonts/cm/cmr6.pfb></usr/share/texlive/texmf-dist/fonts/type1/public/a
msfonts/cm/cmr7.pfb></usr/share/texlive/texmf-dist/fonts/type1/public/amsfonts/
cm/cmr8.pfb></usr/share/texlive/texmf-dist/fonts/type1/public/amsfonts/cm/cmr9.
pfb></usr/share/texlive/texmf-dist/fonts/type1/public/amsfonts/cm/cmsy10.pfb></
usr/share/texlive/texmf-dist/fonts/type1/public/amsfonts/cm/cmsy8.pfb></usr/sha
re/texlive/texmf-dist/fonts/type1/public/amsfonts/cm/cmsy9.pfb></usr/share/texl
ive/texmf-dist/fonts/type1/public/amsfonts/cm/cmti10.pfb></usr/share/texlive/te
xmf-dist/fonts/type1/public/amsfonts/symbols/msam10.pfb>
Output written on exam-shayganfar-3.pdf (22 pages, 878922 bytes).
PDF statistics:
 177 PDF objects out of 1000 (max. 8388607)
 117 compressed objects within 2 object streams
 0 named destinations out of 1000 (max. 500000)
 56 words of extra memory for PDF output out of 10000 (max. 10000000)

